<?xml version="1.0" encoding="UTF-8"?>
<!-- Generated by org.testng.reporters.JUnitXMLReporter -->
<testsuite ignored="0" hostname="MSI" failures="1" tests="1" name="Test" time="27.508" errors="0" timestamp="2023-10-30T13:50:05 IST">
  <testcase classname="testCase.TC_001_AccountRegistrationTest" name="test_acc_Registration" time="9.962">
    <failure type="java.lang.AssertionError" message="null">
      <![CDATA[java.lang.AssertionError: null
at testCase.TC_001_AccountRegistrationTest.test_acc_Registration(TC_001_AccountRegistrationTest.java:56)
at java.base/java.util.ArrayList.forEach(ArrayList.java:1511)
... Removed 29 stack frames]]>
    </failure>
  </testcase> <!-- test_acc_Registration -->
</testsuite> <!-- Test -->
